#! /usr/local/Cellar/icarus-verilog/11.0/bin/vvp
:ivl_version "11.0 (stable)";
:ivl_delay_selection "TYPICAL";
:vpi_time_precision - 9;
:vpi_module "/usr/local/Cellar/icarus-verilog/11.0/lib/ivl/system.vpi";
:vpi_module "/usr/local/Cellar/icarus-verilog/11.0/lib/ivl/vhdl_sys.vpi";
:vpi_module "/usr/local/Cellar/icarus-verilog/11.0/lib/ivl/vhdl_textio.vpi";
:vpi_module "/usr/local/Cellar/icarus-verilog/11.0/lib/ivl/v2005_math.vpi";
:vpi_module "/usr/local/Cellar/icarus-verilog/11.0/lib/ivl/va_math.vpi";
S_0x7f8d84a05780 .scope module, "upcounter_tb" "upcounter_tb" 2 5;
 .timescale -9 -9;
v0x6000036141b0_0 .var "clk", 0 0;
v0x600003614240_0 .net "count", 3 0, v0x600003614090_0;  1 drivers
v0x6000036142d0_0 .var "reset", 0 0;
S_0x7f8d84a05ac0 .scope module, "dut" "upcounter" 2 10, 3 6 0, S_0x7f8d84a05780;
 .timescale -9 -9;
    .port_info 0 /INPUT 1 "clk";
    .port_info 1 /INPUT 1 "rst_n";
    .port_info 2 /OUTPUT 4 "count";
v0x600003614000_0 .net "clk", 0 0, v0x6000036141b0_0;  1 drivers
v0x600003614090_0 .var "count", 3 0;
v0x600003614120_0 .net "rst_n", 0 0, v0x6000036142d0_0;  1 drivers
E_0x600000a1c030 .event posedge, v0x600003614000_0;
    .scope S_0x7f8d84a05ac0;
T_0 ;
    %wait E_0x600000a1c030;
    %load/vec4 v0x600003614120_0;
    %nor/r;
    %flag_set/vec4 8;
    %jmp/0xz  T_0.0, 8;
    %pushi/vec4 0, 0, 4;
    %assign/vec4 v0x600003614090_0, 0;
    %jmp T_0.1;
T_0.0 ;
    %load/vec4 v0x600003614090_0;
    %addi 1, 0, 4;
    %assign/vec4 v0x600003614090_0, 0;
T_0.1 ;
    %jmp T_0;
    .thread T_0;
    .scope S_0x7f8d84a05780;
T_1 ;
    %delay 5, 0;
    %load/vec4 v0x6000036141b0_0;
    %inv;
    %store/vec4 v0x6000036141b0_0, 0, 1;
    %jmp T_1;
    .thread T_1;
    .scope S_0x7f8d84a05780;
T_2 ;
    %vpi_call 2 17 "$dumpfile", "upcounter.vcd" {0 0 0};
    %vpi_call 2 18 "$dumpvars", 32'sb00000000000000000000000000000000, S_0x7f8d84a05780 {0 0 0};
    %pushi/vec4 0, 0, 1;
    %store/vec4 v0x6000036141b0_0, 0, 1;
    %pushi/vec4 0, 0, 1;
    %store/vec4 v0x6000036142d0_0, 0, 1;
    %delay 20, 0;
    %pushi/vec4 1, 0, 1;
    %store/vec4 v0x6000036142d0_0, 0, 1;
    %delay 10, 0;
    %load/vec4 v0x600003614240_0;
    %cmpi/e 1, 0, 4;
    %jmp/0xz  T_2.0, 4;
    %vpi_call 2 23 "$display", $time, "ns; Value of counter is correct: %b", v0x600003614240_0 {0 0 0};
T_2.0 ;
    %delay 40, 0;
    %pushi/vec4 0, 0, 1;
    %store/vec4 v0x6000036142d0_0, 0, 1;
    %delay 20, 0;
    %pushi/vec4 1, 0, 1;
    %store/vec4 v0x6000036142d0_0, 0, 1;
    %end;
    .thread T_2;
    .scope S_0x7f8d84a05780;
T_3 ;
    %delay 200, 0;
    %vpi_call 2 31 "$display", "simulation done!" {0 0 0};
    %vpi_call 2 32 "$finish" {0 0 0};
    %end;
    .thread T_3;
# The file index is used to find the file name in the following table.
:file_names 4;
    "N/A";
    "<interactive>";
    "../source/upcounter_tb.v";
    "../source/upcounter.v";
